[    0.000000] Linux version 4.15.0-54-generic (buildd@lgw01-amd64-014) (gcc version 7.4.0 (Ubuntu 7.4.0-1ubuntu1~18.04.1)) #58-Ubuntu SMP Mon Jun 24 10:55:24 UTC 2019 (Ubuntu 4.15.0-54.58-generic 4.15.18)
[    0.000000] Command line: BOOT_IMAGE=/boot/vmlinuz-4.15.0-54-generic root=LABEL=cloudimg-rootfs ro console=tty1 console=ttyS0
[    0.000000] KERNEL supported cpus:
[    0.000000]   Intel GenuineIntel
[    0.000000]   AMD AuthenticAMD
[    0.000000]   Centaur CentaurHauls
[    0.000000] x86/fpu: Supporting XSAVE feature 0x001: 'x87 floating point registers'
[    0.000000] x86/fpu: Supporting XSAVE feature 0x002: 'SSE registers'
[    0.000000] x86/fpu: Supporting XSAVE feature 0x004: 'AVX registers'
[    0.000000] x86/fpu: xstate_offset[2]:  576, xstate_sizes[2]:  256
[    0.000000] x86/fpu: Enabled xstate features 0x7, context size is 832 bytes, using 'standard' format.
[    0.000000] e820: BIOS-provided physical RAM map:
[    0.000000] BIOS-e820: [mem 0x0000000000000000-0x000000000009fbff] usable
[    0.000000] BIOS-e820: [mem 0x000000000009fc00-0x000000000009ffff] reserved
[    0.000000] BIOS-e820: [mem 0x00000000000f0000-0x00000000000fffff] reserved
[    0.000000] BIOS-e820: [mem 0x0000000000100000-0x000000001ffeffff] usable
[    0.000000] BIOS-e820: [mem 0x000000001fff0000-0x000000001fffffff] ACPI data
[    0.000000] BIOS-e820: [mem 0x00000000fec00000-0x00000000fec00fff] reserved
[    0.000000] BIOS-e820: [mem 0x00000000fee00000-0x00000000fee00fff] reserved
[    0.000000] BIOS-e820: [mem 0x00000000fffc0000-0x00000000ffffffff] reserved
[    0.000000] NX (Execute Disable) protection: active
[    0.000000] SMBIOS 2.5 present.
[    0.000000] DMI: innotek GmbH VirtualBox/VirtualBox, BIOS VirtualBox 12/01/2006
[    0.000000] Hypervisor detected: KVM
[    0.000000] e820: last_pfn = 0x1fff0 max_arch_pfn = 0x400000000
[    0.000000] MTRR: Disabled
[    0.000000] x86/PAT: MTRRs disabled, skipping PAT initialization too.
[    0.000000] CPU MTRRs all blank - virtualized system.
[    0.000000] x86/PAT: Configuration [0-7]: WB  WT  UC- UC  WB  WT  UC- UC  
[    0.000000] found SMP MP-table at [mem 0x0009fff0-0x0009ffff] mapped at [        (ptrval)]
[    0.000000] Scanning 1 areas for low memory corruption
[    0.000000] RAMDISK: [mem 0x1db97000-0x1ee44fff]
[    0.000000] ACPI: Early table checksum verification disabled
[    0.000000] ACPI: RSDP 0x00000000000E0000 000024 (v02 VBOX  )
[    0.000000] ACPI: XSDT 0x000000001FFF0030 00003C (v01 VBOX   VBOXXSDT 00000001 ASL  00000061)
[    0.000000] ACPI: FACP 0x000000001FFF00F0 0000F4 (v04 VBOX   VBOXFACP 00000001 ASL  00000061)
[    0.000000] ACPI: DSDT 0x000000001FFF0470 0022EA (v02 VBOX   VBOXBIOS 00000002 INTL 20100528)
[    0.000000] ACPI: FACS 0x000000001FFF0200 000040
[    0.000000] ACPI: FACS 0x000000001FFF0200 000040
[    0.000000] ACPI: APIC 0x000000001FFF0240 00005C (v02 VBOX   VBOXAPIC 00000001 ASL  00000061)
[    0.000000] ACPI: SSDT 0x000000001FFF02A0 0001CC (v01 VBOX   VBOXCPUT 00000002 INTL 20100528)
[    0.000000] No NUMA configuration found
[    0.000000] Faking a node at [mem 0x0000000000000000-0x000000001ffeffff]
[    0.000000] NODE_DATA(0) allocated [mem 0x1ffc5000-0x1ffeffff]
[    0.000000] kvm-clock: cpu 0, msr 0:1ff44001, primary cpu clock
[    0.000000] kvm-clock: Using msrs 4b564d01 and 4b564d00
[    0.000000] kvm-clock: using sched offset of 6909565880 cycles
[    0.000000] clocksource: kvm-clock: mask: 0xffffffffffffffff max_cycles: 0x1cd42e4dffb, max_idle_ns: 881590591483 ns
[    0.000000] Zone ranges:
[    0.000000]   DMA      [mem 0x0000000000001000-0x0000000000ffffff]
[    0.000000]   DMA32    [mem 0x0000000001000000-0x000000001ffeffff]
[    0.000000]   Normal   empty
[    0.000000]   Device   empty
[    0.000000] Movable zone start for each node
[    0.000000] Early memory node ranges
[    0.000000]   node   0: [mem 0x0000000000001000-0x000000000009efff]
[    0.000000]   node   0: [mem 0x0000000000100000-0x000000001ffeffff]
[    0.000000] Reserved but unavailable: 114 pages
[    0.000000] Initmem setup node 0 [mem 0x0000000000001000-0x000000001ffeffff]
[    0.000000] ACPI: PM-Timer IO Port: 0x4008
[    0.000000] IOAPIC[0]: apic_id 2, version 32, address 0xfec00000, GSI 0-23
[    0.000000] ACPI: INT_SRC_OVR (bus 0 bus_irq 0 global_irq 2 dfl dfl)
[    0.000000] ACPI: INT_SRC_OVR (bus 0 bus_irq 9 global_irq 9 low level)
[    0.000000] Using ACPI (MADT) for SMP configuration information
[    0.000000] smpboot: Allowing 2 CPUs, 0 hotplug CPUs
[    0.000000] PM: Registered nosave memory: [mem 0x00000000-0x00000fff]
[    0.000000] PM: Registered nosave memory: [mem 0x0009f000-0x0009ffff]
[    0.000000] PM: Registered nosave memory: [mem 0x000a0000-0x000effff]
[    0.000000] PM: Registered nosave memory: [mem 0x000f0000-0x000fffff]
[    0.000000] e820: [mem 0x20000000-0xfebfffff] available for PCI devices
[    0.000000] Booting paravirtualized kernel on KVM
[    0.000000] clocksource: refined-jiffies: mask: 0xffffffff max_cycles: 0xffffffff, max_idle_ns: 7645519600211568 ns
[    0.000000] random: get_random_bytes called from start_kernel+0x99/0x4fd with crng_init=0
[    0.000000] setup_percpu: NR_CPUS:8192 nr_cpumask_bits:2 nr_cpu_ids:2 nr_node_ids:1
[    0.000000] percpu: Embedded 46 pages/cpu @        (ptrval) s151552 r8192 d28672 u1048576
[    0.000000] PV qspinlock hash table entries: 256 (order: 0, 4096 bytes)
[    0.000000] Built 1 zonelists, mobility grouping on.  Total pages: 128889
[    0.000000] Policy zone: DMA32
[    0.000000] Kernel command line: BOOT_IMAGE=/boot/vmlinuz-4.15.0-54-generic root=LABEL=cloudimg-rootfs ro console=tty1 console=ttyS0
[    0.000000] Memory: 467360K/523832K available (12300K kernel code, 2473K rwdata, 4272K rodata, 2408K init, 2416K bss, 56472K reserved, 0K cma-reserved)
[    0.000000] SLUB: HWalign=64, Order=0-3, MinObjects=0, CPUs=2, Nodes=1
[    0.000000] Kernel/User page tables isolation: enabled
[    0.000000] ftrace: allocating 39216 entries in 154 pages
[    0.004000] Hierarchical RCU implementation.
[    0.004000] 	RCU restricting CPUs from NR_CPUS=8192 to nr_cpu_ids=2.
[    0.004000] 	Tasks RCU enabled.
[    0.004000] RCU: Adjusting geometry for rcu_fanout_leaf=16, nr_cpu_ids=2
[    0.004000] NR_IRQS: 524544, nr_irqs: 440, preallocated irqs: 16
[    0.004000] Console: colour VGA+ 80x25
[    0.004000] console [tty1] enabled
[    0.004000] console [ttyS0] enabled
[    0.004000] ACPI: Core revision 20170831
[    0.004000] ACPI: 2 ACPI AML tables successfully acquired and loaded
[    0.004000] APIC: Switch to symmetric I/O mode setup
[    0.004000] x2apic enabled
[    0.004016] Switched APIC routing to physical x2apic.
[    0.012000] ..TIMER: vector=0x30 apic1=0 pin1=2 apic2=-1 pin2=-1
[    0.012010] tsc: Detected 1696.149 MHz processor
[    0.014128] Calibrating delay loop (skipped) preset value.. 3392.29 BogoMIPS (lpj=6784596)
[    0.016008] pid_max: default: 32768 minimum: 301
[    0.018211] Security Framework initialized
[    0.020006] Yama: becoming mindful.
[    0.024053] AppArmor: AppArmor initialized
[    0.026152] Dentry cache hash table entries: 65536 (order: 7, 524288 bytes)
[    0.028083] Inode-cache hash table entries: 32768 (order: 6, 262144 bytes)
[    0.031004] Mount-cache hash table entries: 1024 (order: 1, 8192 bytes)
[    0.032011] Mountpoint-cache hash table entries: 1024 (order: 1, 8192 bytes)
[    0.036654] mce: CPU supports 0 MCE banks
[    0.040040] Last level iTLB entries: 4KB 512, 2MB 8, 4MB 8
[    0.042421] Last level dTLB entries: 4KB 512, 2MB 32, 4MB 32, 1GB 0
[    0.044007] Spectre V2 : Mitigation: Full generic retpoline
[    0.046360] Spectre V2 : Spectre v2 / SpectreRSB mitigation: Filling RSB on context switch
[    0.048004] Speculative Store Bypass: Vulnerable
[    0.052148] MDS: Vulnerable: Clear CPU buffers attempted, no microcode
[    0.056479] Freeing SMP alternatives memory: 36K
[    0.064000] APIC calibration not consistent with PM-Timer: 103ms instead of 100ms
[    0.064000] APIC delta adjusted to PM-Timer: 6253063 (6498659)
[    0.064115] smpboot: CPU0: Intel(R) Core(TM) i5-3317U CPU @ 1.70GHz (family: 0x6, model: 0x3a, stepping: 0x9)
[    0.068000] Performance Events: unsupported p6 CPU model 58 no PMU driver, software events only.
[    0.068092] Hierarchical SRCU implementation.
[    0.073007] NMI watchdog: Perf event create on CPU 0 failed with -2
[    0.076004] NMI watchdog: Perf NMI watchdog permanently disabled
[    0.078664] smp: Bringing up secondary CPUs ...
[    0.080240] x86: Booting SMP configuration:
[    0.084006] .... node  #0, CPUs:      #1
[    0.004000] kvm-clock: cpu 1, msr 0:1ff44041, secondary cpu clock
[    0.004000] mce: CPU supports 0 MCE banks
[    0.095592] smp: Brought up 1 node, 2 CPUs
[    0.096009] smpboot: Max logical packages: 1
[    0.098281] smpboot: Total of 2 processors activated (6784.59 BogoMIPS)
[    0.100264] devtmpfs: initialized
[    0.104144] x86/mm: Memory block size: 128MB
[    0.106541] evm: security.selinux
[    0.108006] evm: security.SMACK64
[    0.109599] evm: security.SMACK64EXEC
[    0.112004] evm: security.SMACK64TRANSMUTE
[    0.113916] evm: security.SMACK64MMAP
[    0.115677] evm: security.apparmor
[    0.117763] evm: security.ima
[    0.119604] evm: security.capability
[    0.120349] clocksource: jiffies: mask: 0xffffffff max_cycles: 0xffffffff, max_idle_ns: 7645041785100000 ns
[    0.124019] futex hash table entries: 512 (order: 3, 32768 bytes)
[    0.128093] pinctrl core: initialized pinctrl subsystem
[    0.130619] RTC time: 12:12:01, date: 07/02/19
[    0.132406] NET: Registered protocol family 16
[    0.134756] audit: initializing netlink subsys (disabled)
[    0.136051] audit: type=2000 audit(1562069530.242:1): state=initialized audit_enabled=0 res=1
[    0.140011] cpuidle: using governor ladder
[    0.144014] cpuidle: using governor menu
[    0.145945] ACPI: bus type PCI registered
[    0.148007] acpiphp: ACPI Hot Plug PCI Controller Driver version: 0.5
[    0.151091] PCI: Using configuration type 1 for base access
[    0.158094] HugeTLB registered 2.00 MiB page size, pre-allocated 0 pages
[    0.160204] ACPI: Added _OSI(Module Device)
[    0.164015] ACPI: Added _OSI(Processor Device)
[    0.165989] ACPI: Added _OSI(3.0 _SCP Extensions)
[    0.168000] ACPI: Added _OSI(Processor Aggregator Device)
[    0.168013] ACPI: Added _OSI(Linux-Dell-Video)
[    0.172006] ACPI: Added _OSI(Linux-Lenovo-NV-HDMI-Audio)
[    0.174280] ACPI: Added _OSI(Linux-HPI-Hybrid-Graphics)
[    0.176725] ACPI: Executed 1 blocks of module-level executable AML code
[    0.197696] ACPI: Interpreter enabled
[    0.199635] ACPI: (supports S0 S5)
[    0.200006] ACPI: Using IOAPIC for interrupt routing
[    0.204327] PCI: Using host bridge windows from ACPI; if necessary, use "pci=nocrs" and report a bug
[    0.208579] ACPI: Enabled 2 GPEs in block 00 to 07
[    0.239348] ACPI: PCI Root Bridge [PCI0] (domain 0000 [bus 00-ff])
[    0.240027] acpi PNP0A03:00: _OSC: OS supports [ASPM ClockPM Segments MSI]
[    0.248147] acpi PNP0A03:00: _OSC: not requesting OS control; OS requires [ExtendedConfig ASPM ClockPM MSI]
[    0.252038] acpi PNP0A03:00: fail to add MMCONFIG information, can't access extended PCI configuration space under this bridge.
[    0.257118] PCI host bridge to bus 0000:00
[    0.260009] pci_bus 0000:00: root bus resource [io  0x0000-0x0cf7 window]
[    0.264010] pci_bus 0000:00: root bus resource [io  0x0d00-0xffff window]
[    0.266820] pci_bus 0000:00: root bus resource [mem 0x000a0000-0x000bffff window]
[    0.268010] pci_bus 0000:00: root bus resource [mem 0x20000000-0xfdffffff window]
[    0.272009] pci_bus 0000:00: root bus resource [bus 00-ff]
[    0.281900] pci 0000:00:01.1: legacy IDE quirk: reg 0x10: [io  0x01f0-0x01f7]
[    0.284013] pci 0000:00:01.1: legacy IDE quirk: reg 0x14: [io  0x03f6]
[    0.286850] pci 0000:00:01.1: legacy IDE quirk: reg 0x18: [io  0x0170-0x0177]
[    0.288006] pci 0000:00:01.1: legacy IDE quirk: reg 0x1c: [io  0x0376]
[    0.320329] pci 0000:00:07.0: quirk: [io  0x4000-0x403f] claimed by PIIX4 ACPI
[    0.324045] pci 0000:00:07.0: quirk: [io  0x4100-0x410f] claimed by PIIX4 SMB
[    0.346308] ACPI: PCI Interrupt Link [LNKA] (IRQs 5 9 10 *11)
[    0.349419] ACPI: PCI Interrupt Link [LNKB] (IRQs 5 9 *10 11)
[    0.352415] ACPI: PCI Interrupt Link [LNKC] (IRQs 5 *9 10 11)
[    0.356435] ACPI: PCI Interrupt Link [LNKD] (IRQs 5 9 10 *11)
[    0.360000] SCSI subsystem initialized
[    0.360125] pci 0000:00:02.0: vgaarb: setting as boot VGA device
[    0.362709] pci 0000:00:02.0: vgaarb: VGA device added: decodes=io+mem,owns=io+mem,locks=none
[    0.364011] pci 0000:00:02.0: vgaarb: bridge control possible
[    0.368005] vgaarb: loaded
[    0.369586] ACPI: bus type USB registered
[    0.371487] usbcore: registered new interface driver usbfs
[    0.372026] usbcore: registered new interface driver hub
[    0.376064] usbcore: registered new device driver usb
[    0.380046] EDAC MC: Ver: 3.0.0
[    0.382167] PCI: Using ACPI for IRQ routing
[    0.384725] NetLabel: Initializing
[    0.386311] NetLabel:  domain hash size = 128
[    0.388004] NetLabel:  protocols = UNLABELED CIPSOv4 CALIPSO
[    0.390623] NetLabel:  unlabeled traffic allowed by default
[    0.392255] clocksource: Switched to clocksource kvm-clock
[    0.442370] VFS: Disk quotas dquot_6.6.0
[    0.444762] VFS: Dquot-cache hash table entries: 512 (order 0, 4096 bytes)
[    0.448121] AppArmor: AppArmor Filesystem Enabled
[    0.450509] pnp: PnP ACPI init
[    0.455625] pnp: PnP ACPI: found 3 devices
[    0.471281] clocksource: acpi_pm: mask: 0xffffff max_cycles: 0xffffff, max_idle_ns: 2085701024 ns
[    0.478000] NET: Registered protocol family 2
[    0.481310] TCP established hash table entries: 4096 (order: 3, 32768 bytes)
[    0.485406] TCP bind hash table entries: 4096 (order: 4, 65536 bytes)
[    0.488893] TCP: Hash tables configured (established 4096 bind 4096)
[    0.492744] UDP hash table entries: 256 (order: 1, 8192 bytes)
[    0.496243] UDP-Lite hash table entries: 256 (order: 1, 8192 bytes)
[    0.499930] NET: Registered protocol family 1
[    0.502739] pci 0000:00:00.0: Limiting direct PCI/PCI transfers
[    0.506512] pci 0000:00:01.0: Activating ISA DMA hang workarounds
[    0.510270] pci 0000:00:02.0: Video device with shadowed ROM at [mem 0x000c0000-0x000dffff]
[    0.515613] Unpacking initramfs...
[    1.396977] Freeing initrd memory: 19128K
[    1.399133] clocksource: tsc: mask: 0xffffffffffffffff max_cycles: 0x1872f16ae25, max_idle_ns: 440795226485 ns
[    1.403836] platform rtc_cmos: registered platform RTC device (no PNP device found)
[    1.407734] Scanning for low memory corruption every 60 seconds
[    1.411834] Initialise system trusted keyrings
[    1.414004] Key type blacklist registered
[    1.415959] workingset: timestamp_bits=36 max_order=17 bucket_order=0
[    1.422831] zbud: loaded
[    1.427645] squashfs: version 4.0 (2009/01/31) Phillip Lougher
[    1.430928] fuse init (API version 7.26)
[    1.440416] Key type asymmetric registered
[    1.442577] Asymmetric key parser 'x509' registered
[    1.444901] Block layer SCSI generic (bsg) driver version 0.4 loaded (major 246)
[    1.448403] io scheduler noop registered
[    1.450223] io scheduler deadline registered
[    1.452344] io scheduler cfq registered (default)
[    1.455124] ACPI: AC Adapter [AC] (on-line)
[    1.457244] input: Power Button as /devices/LNXSYSTM:00/LNXPWRBN:00/input/input0
[    1.460978] ACPI: Power Button [PWRF]
[    1.462910] input: Sleep Button as /devices/LNXSYSTM:00/LNXSLPBN:00/input/input1
[    1.466656] ACPI: Sleep Button [SLPF]
[    1.471935] ACPI: Battery Slot [BAT0] (battery present)
[    1.474610] Serial: 8250/16550 driver, 32 ports, IRQ sharing enabled
[    1.499214] 00:02: ttyS0 at I/O 0x3f8 (irq = 4, base_baud = 115200) is a 16550A
[    1.508748] Linux agpgart interface v0.103
[    1.513650] loop: module loaded
[    1.516698] scsi host0: ata_piix
[    1.518515] scsi host1: ata_piix
[    1.520211] ata1: PATA max UDMA/33 cmd 0x1f0 ctl 0x3f6 bmdma 0xd000 irq 14
[    1.523273] ata2: PATA max UDMA/33 cmd 0x170 ctl 0x376 bmdma 0xd008 irq 15
[    1.526464] libphy: Fixed MDIO Bus: probed
[    1.528538] tun: Universal TUN/TAP device driver, 1.6
[    1.531092] PPP generic driver version 2.4.2
[    1.533434] ehci_hcd: USB 2.0 'Enhanced' Host Controller (EHCI) Driver
[    1.536287] ehci-pci: EHCI PCI platform driver
[    1.538347] ehci-platform: EHCI generic platform driver
[    1.540821] ohci_hcd: USB 1.1 'Open' Host Controller (OHCI) Driver
[    1.543537] ohci-pci: OHCI PCI platform driver
[    1.545766] ohci-platform: OHCI generic platform driver
[    1.548195] uhci_hcd: USB Universal Host Controller Interface driver
[    1.551283] i8042: PNP: PS/2 Controller [PNP0303:PS2K,PNP0f03:PS2M] at 0x60,0x64 irq 1,12
[    1.555846] serio: i8042 KBD port at 0x60,0x64 irq 1
[    1.558183] serio: i8042 AUX port at 0x60,0x64 irq 12
[    1.560736] mousedev: PS/2 mouse device common for all mice
[    1.563799] input: AT Translated Set 2 keyboard as /devices/platform/i8042/serio0/input/input2
[    1.564956] rtc_cmos rtc_cmos: rtc core: registered rtc_cmos as rtc0
[    1.565155] rtc_cmos rtc_cmos: alarms up to one day, 114 bytes nvram
[    1.565171] i2c /dev entries driver
[    1.565295] device-mapper: uevent: version 1.0.3
[    1.565428] device-mapper: ioctl: 4.37.0-ioctl (2017-09-20) initialised: dm-devel@redhat.com
[    1.581595] ledtrig-cpu: registered to indicate activity on CPUs
[    1.585483] NET: Registered protocol family 10
[    1.595344] Segment Routing with IPv6
[    1.597196] NET: Registered protocol family 17
[    1.599267] Key type dns_resolver registered
[    1.601759] RAS: Correctable Errors collector initialized.
[    1.604263] sched_clock: Marking stable (1601588691, 0)->(2234176323, -632587632)
[    1.609042] registered taskstats version 1
[    1.611095] Loading compiled-in X.509 certificates
[    1.618334] Loaded X.509 cert 'Build time autogenerated kernel key: 1cc14bc8298a06d551159822c55fa35abd77a621'
[    1.622817] zswap: loaded using pool lzo/zbud
[    1.631361] Key type big_key registered
[    1.633736] Key type trusted registered
[    1.639181] Key type encrypted registered
[    1.641128] AppArmor: AppArmor sha1 policy hashing enabled
[    1.643627] ima: No TPM chip found, activating TPM-bypass! (rc=-19)
[    1.646392] ima: Allocated hash algorithm: sha1
[    1.648848] evm: HMAC attrs: 0x1
[    1.651100]   Magic number: 11:594:227
[    1.652963] acpi PNP0200:00: hash matches
[    1.654948] rtc_cmos rtc_cmos: setting system clock to 2019-07-02 12:12:03 UTC (1562069523)
[    1.659019] BIOS EDD facility v0.16 2004-Jun-25, 0 devices found
[    1.661613] EDD information not available.
[    1.699040] Freeing unused kernel image memory: 2408K
[    1.728855] Write protecting the kernel read-only data: 20480k
[    1.733652] Freeing unused kernel image memory: 2008K
[    1.736896] Freeing unused kernel image memory: 1872K
[    1.785301] x86/mm: Checked W+X mappings: passed, no W+X pages found.
[    1.788453] x86/mm: Checking user space page tables
[    1.837073] x86/mm: Checked W+X mappings: passed, no W+X pages found.
Loading, please wait...
starting version 237
[    2.095752] e1000: Intel(R) PRO/1000 Network Driver - version 7.3.21-k8-NAPI
[    2.100278] e1000: Copyright (c) 1999-2006 Intel Corporation.
[    2.129695] Fusion MPT base driver 3.04.20
[    2.133327] Copyright (c) 1999-2008 LSI Corporation
[    2.195831] Fusion MPT SPI Host driver 3.04.20
[    2.200984] AVX version of gcm_enc/dec engaged.
[    2.204596] AES CTR mode by8 optimization enabled
[    2.353578] input: ImExPS/2 Generic Explorer Mouse as /devices/platform/i8042/serio1/input/input4
[    2.746206] e1000 0000:00:03.0 eth0: (PCI:33MHz:32-bit) 02:a1:18:c3:c8:11
[    2.749426] e1000 0000:00:03.0 eth0: Intel(R) PRO/1000 Network Connection
[    3.308642] e1000 0000:00:08.0 eth1: (PCI:33MHz:32-bit) 08:00:27:51:a7:91
[    3.312309] e1000 0000:00:08.0 eth1: Intel(R) PRO/1000 Network Connection
[    3.322665] e1000 0000:00:08.0 enp0s8: renamed from eth1
[    3.330498] mptbase: ioc0: Initiating bringup
[    3.341045] e1000 0000:00:03.0 enp0s3: renamed from eth0
[    3.430837] ioc0: LSI53C1030 A0: Capabilities={Initiator}
[    3.688128] scsi host2: ioc0: LSI53C1030 A0, FwRev=00000000h, Ports=1, MaxQ=256, IRQ=20
[    3.866819] scsi 2:0:0:0: Direct-Access     VBOX     HARDDISK         1.0  PQ: 0 ANSI: 5
[    3.908492] scsi target2:0:0: Beginning Domain Validation
[    3.924390] scsi target2:0:0: Domain Validation skipping write tests
[    3.933272] scsi target2:0:0: Ending Domain Validation
[    3.941435] scsi target2:0:0: asynchronous
[    3.952137] scsi 2:0:1:0: Direct-Access     VBOX     HARDDISK         1.0  PQ: 0 ANSI: 5
[    3.996445] scsi target2:0:1: Beginning Domain Validation
[    4.007723] random: fast init done
[    4.018971] scsi target2:0:1: Domain Validation skipping write tests
[    4.027758] scsi target2:0:1: Ending Domain Validation
[    4.032536] scsi target2:0:1: asynchronous
[    4.052509] random: systemd-udevd: uninitialized urandom read (16 bytes read)
[    4.053064] sd 2:0:0:0: Attached scsi generic sg0 type 0
[    4.053858] sd 2:0:1:0: Attached scsi generic sg1 type 0
[    4.063867] random: systemd-udevd: uninitialized urandom read (16 bytes read)
[    4.064142] sd 2:0:1:0: [sdb] 20480 512-byte logical blocks: (10.5 MB/10.0 MiB)
[    4.064283] sd 2:0:1:0: [sdb] Write Protect is off
[    4.064540] sd 2:0:1:0: [sdb] Incomplete mode parameter data
[    4.064544] sd 2:0:1:0: [sdb] Assuming drive cache: write through
[    4.068759] sd 2:0:1:0: [sdb] Attached SCSI disk
[    4.072512] sd 2:0:0:0: [sda] 20971520 512-byte logical blocks: (10.7 GB/10.0 GiB)
[    4.072618] sd 2:0:0:0: [sda] Write Protect is off
[    4.072823] sd 2:0:0:0: [sda] Incomplete mode parameter data
[    4.072827] sd 2:0:0:0: [sda] Assuming drive cache: write through
[    4.074632]  sda: sda1
[    4.075790] sd 2:0:0:0: [sda] Attached SCSI disk
[    4.102945] random: systemd-udevd: uninitialized urandom read (16 bytes read)
Begin: Loading essential drivers ... [    6.592542] raid6: sse2x1   gen()  2139 MB/s
[    6.640407] raid6: sse2x1   xor()  1296 MB/s
[    6.688186] raid6: sse2x2   gen()  3209 MB/s
[    6.736073] raid6: sse2x2   xor()  1664 MB/s
[    6.784061] raid6: sse2x4   gen()  5022 MB/s
[    6.832131] raid6: sse2x4   xor()  2789 MB/s
[    6.834116] raid6: using algorithm sse2x4 gen() 5022 MB/s
[    6.836679] raid6: .... xor() 2789 MB/s, rmw enabled
[    6.839092] raid6: using ssse3x2 recovery algorithm
[    6.844329] xor: automatically using best checksumming function   avx       
[    6.850929] async_tx: api initialized (async)
done.
Begin: Running /scripts/init-premount ... done.
Begin: Mounting root file system ... Begin: Running /scripts/local-top ... done.
Begin: Running /scripts/local-premount ... [    6.980313] Btrfs loaded, crc32c=crc32c-intel
Scanning for Btrfs filesystems
done.
Warning: fsck not present, so skipping root file system
[    7.044690] EXT4-fs (sda1): mounted filesystem with ordered data mode. Opts: (null)
done.
Begin: Running /scripts/local-bottom ... done.
Begin: Running /scripts/init-bottom ... done.
[    7.351089] ip_tables: (C) 2000-2006 Netfilter Core Team
[    7.370673] systemd[1]: systemd 237 running in system mode. (+PAM +AUDIT +SELINUX +IMA +APPARMOR +SMACK +SYSVINIT +UTMP +LIBCRYPTSETUP +GCRYPT +GNUTLS +ACL +XZ +LZ4 +SECCOMP +BLKID +ELFUTILS +KMOD -IDN2 +IDN -PCRE2 default-hierarchy=hybrid)
[    7.380041] systemd[1]: Detected virtualization oracle.
[    7.383118] systemd[1]: Detected architecture x86-64.

Welcome to [1mUbuntu 18.04.2 LTS[0m!

[    7.398262] systemd[1]: Set hostname to <ubuntu>.
[    7.407595] systemd[1]: Initializing machine ID from random generator.
[    7.411554] systemd[1]: Installed transient /etc/machine-id file.
[    7.840891] systemd[1]: Reached target Swap.
[[0;32m  OK  [0m] Reached target Swap.
[    7.846012] systemd[1]: Started Forward Password Requests to Wall Directory Watch.
[[0;32m  OK  [0m] Started Forward Password Requests to Wall Directory Watch.
[    7.852687] systemd[1]: Reached target System Time Synchronized.
[[0;32m  OK  [0m] Reached target System Time Synchronized.
[    7.862493] systemd[1]: Created slice System Slice.
[[0;32m  OK  [0m] Created slice System Slice.
[[0;32m  OK  [0m] Listening on Network Service Netlink Socket.
[[0;32m  OK  [0m] Listening on LVM2 metadata daemon socket.
[[0;32m  OK  [0m] Listening on Journal Socket (/dev/log).
[[0;32m  OK  [0m] Listening on udev Kernel Socket.
[[0;32m  OK  [0m] Created slice system-serial\x2dgetty.slice.
[[0;32m  OK  [0m] Listening on udev Control Socket.
[[0;32m  OK  [0m] Listening on /dev/initctl Compatibility Named Pipe.
[[0;32m  OK  [0m] Listening on Journal Audit Socket.
[[0;32m  OK  [0m] Listening on Device-mapper event daemon FIFOs.
[[0;32m  OK  [0m] Created slice User and Session Slice.
[[0;32m  OK  [0m] Reached target Slices.
[[0;32m  OK  [0m] Set up automount Arbitrary Executab…rmats File System Automount Point.
[[0;32m  OK  [0m] Reached target User and Group Name Lookups.
[[0;32m  OK  [0m] Listening on LVM2 poll daemon socket.
[[0;32m  OK  [0m] Listening on Syslog Socket.
[[0;32m  OK  [0m] Listening on Journal Socket.
         Starting Remount Root and Kernel File Systems...
         Mounting Huge Pages File System...
         Starting Load Kernel Modules...
         Mounting Kernel Debug File System...
         Starting udev Coldplug all Devices...
         Starting Journal Service...
         Starting Monitoring of LVM2 mirrors…ng dmeventd or progress polling...
         Starting Create list of required st…ce nodes for the current kernel...
         Starting Set the console keyboard layout...
         Mounting POSIX Message Queue File System...
         Starting Uncomplicated firewall...
[[0;32m  OK  [0m] Started Create list of required sta…vice nodes for the current kernel.
[    8.104399] Loading iSCSI transport class v2.0-870.
         Starting Create Static Device Nodes in /dev...
[[0;32m  OK  [0m] Started Uncomplicated firewall.
[    8.171674] iscsi: registered transport (tcp)
[[0;32m  OK  [0m] Started udev Coldplug all Devices.
[[0;32m  OK  [0m] Started Create Static Device Nodes in /dev.
[    8.291725] EXT4-fs (sda1): re-mounted. Opts: (null)
[[0;32m  OK  [0m] Mounted POSIX Message Queue File System.
[[0;32m  OK  [0m] Started Remount Root and Kernel File Systems.
[[0;32m  OK  [0m] Started Journal Service.
[[0;32m  OK  [0m] Mounted Huge Pages File System.
[[0;32m  OK  [0m] Mounted Kernel Debug File System.
         Starting udev Kernel Device Manager...
         Starting Flush Journal to Persistent Storage...
         Starting Load/Save Random Seed...
[[0;32m  OK  [0m] Started LVM2 metadata daemon.
[[0;32m  OK  [0m] Started udev Kernel Device Manager.
[[0;32m  OK  [0m] Started Load/Save Random Seed.
[    8.511324] systemd-journald[389]: Received request to flush runtime journal from PID 1
[[0;32m  OK  [0m] Started Monitoring of LVM2 mirrors,…sing dmeventd or progress polling.
[    8.574909] iscsi: registered transport (iser)
[[0;32m  OK  [0m] Started Load Kernel Modules.
         Mounting FUSE Control File System...
         Starting Apply Kernel Variables...
         Mounting Kernel Configuration File System...
[[0;32m  OK  [0m] Mounted FUSE Control File System.
[[0;32m  OK  [0m] Mounted Kernel Configuration File System.
[[0;32m  OK  [0m] Started Flush Journal to Persistent Storage.
[[0;32m  OK  [0m] Started Apply Kernel Variables.
[[0;32m  OK  [0m] Found device /dev/ttyS0.
[[0;32m  OK  [0m] Listening on Load/Save RF Kill Switch Status /dev/rfkill Watch.
[[0;32m  OK  [0m] Started Set the console keyboard layout.
[[0;32m  OK  [0m] Reached target Local File Systems (Pre).
[[0;32m  OK  [0m] Reached target Local File Systems.
         Starting Commit a transient machine-id on disk...
         Starting AppArmor initialization...
         Starting Create Volatile Files and Directories...
         Starting Tell Plymouth To Write Out Runtime Data...
         Starting ebtables ruleset management...
         Starting Set console font and keymap...
[[0;32m  OK  [0m] Started Dispatch Password Requests to Console Directory Watch.
[[0;32m  OK  [0m] Reached target Local Encrypted Volumes.
[[0;32m  OK  [0m] Started Tell Plymouth To Write Out Runtime Data.
[[0;32m  OK  [0m] Started Set console font and keymap.
[[0;32m  OK  [0m] Started Create Volatile Files and Directories.
         Starting Update UTMP about System Boot/Shutdown...
[[0;32m  OK  [0m] Started Update UTMP about System Boot/Shutdown.
[[0;32m  OK  [0m] Started Commit a transient machine-id on disk.
[[0;32m  OK  [0m] Started ebtables ruleset management.
[[0;32m  OK  [0m] Started AppArmor initialization.
         Starting Initial cloud-init job (pre-networking)...
[   17.355028] cloud-init[580]: Cloud-init v. 19.1-1-gbaa47854-0ubuntu1~18.04.1 running 'init-local' at Tue, 02 Jul 2019 12:12:17 +0000. Up 16.05 seconds.
[[0;32m  OK  [0m] Started Initial cloud-init job (pre-networking).
[[0;32m  OK  [0m] Reached target Network (Pre).
         Starting Network Service...
[[0;32m  OK  [0m] Started Network Service.
         Starting Network Name Resolution...
         Starting Wait for Network to be Configured...
[[0;32m  OK  [0m] Started Network Name Resolution.
[[0;32m  OK  [0m] Reached target Host and Network Name Lookups.
[[0;32m  OK  [0m] Reached target Network.
[[0;32m  OK  [0m] Started Wait for Network to be Configured.
         Starting Initial cloud-init job (metadata service crawler)...
[   21.174473] cloud-init[706]: Cloud-init v. 19.1-1-gbaa47854-0ubuntu1~18.04.1 running 'init' at Tue, 02 Jul 2019 12:12:22 +0000. Up 20.75 seconds.
[   21.178911] cloud-init[706]: ci-info: ++++++++++++++++++++++++++++++++++++++Net device info+++++++++++++++++++++++++++++++++++++++
[   21.182890] cloud-init[706]: ci-info: +--------+-------+----------------------------+---------------+--------+-------------------+
[   21.186682] cloud-init[706]: ci-info: | Device |   Up  |          Address           |      Mask     | Scope  |     Hw-Address    |
[   21.190306] cloud-init[706]: ci-info: +--------+-------+----------------------------+---------------+--------+-------------------+
[   21.193906] cloud-init[706]: ci-info: | enp0s3 |  True |         10.0.2.15          | 255.255.255.0 | global | 02:a1:18:c3:c8:11 |
[   21.197439] cloud-init[706]: ci-info: | enp0s3 |  True | fe80::a1:18ff:fec3:c811/64 |       .       |  link  | 02:a1:18:c3:c8:11 |
[   21.200732] cloud-init[706]: ci-info: | enp0s8 | False |             .              |       .       |   .    | 08:00:27:51:a7:91 |
[   21.204342] cloud-init[706]: ci-info: |   lo   |  True |         127.0.0.1          |   255.0.0.0   |  host  |         .         |
[   21.208084] cloud-init[706]: ci-info: |   lo   |  True |          ::1/128           |       .       |  host  |         .         |
[   21.211710] cloud-init[706]: ci-info: +--------+-------+----------------------------+---------------+--------+-------------------+
[   21.215350] cloud-init[706]: ci-info: ++++++++++++++++++++++++++++Route IPv4 info+++++++++++++++++++++++++++++
[   21.218468] cloud-init[706]: ci-info: +-------+-------------+----------+-----------------+-----------+-------+
[   21.221673] cloud-init[706]: ci-info: | Route | Destination | Gateway  |     Genmask     | Interface | Flags |
[   21.225113] cloud-init[706]: ci-info: +-------+-------------+----------+-----------------+-----------+-------+
[   21.228447] cloud-init[706]: ci-info: |   0   |   0.0.0.0   | 10.0.2.2 |     0.0.0.0     |   enp0s3  |   UG  |
[   21.232422] cloud-init[706]: ci-info: |   1   |   10.0.2.0  | 0.0.0.0  |  255.255.255.0  |   enp0s3  |   U   |
[   21.235005] cloud-init[706]: ci-info: |   2   |   10.0.2.2  | 0.0.0.0  | 255.255.255.255 |   enp0s3  |   UH  |
[   21.237573] cloud-init[706]: ci-info: +-------+-------------+----------+-----------------+-----------+-------+
[   21.240049] cloud-init[706]: ci-info: +++++++++++++++++++Route IPv6 info+++++++++++++++++++
[   21.242533] cloud-init[706]: ci-info: +-------+-------------+---------+-----------+-------+
[   21.245456] cloud-init[706]: ci-info: | Route | Destination | Gateway | Interface | Flags |
[   21.248599] cloud-init[706]: ci-info: +-------+-------------+---------+-----------+-------+
[   21.251456] cloud-init[706]: ci-info: |   1   |  fe80::/64  |    ::   |   enp0s3  |   U   |
[   21.254948] cloud-init[706]: ci-info: |   3   |    local    |    ::   |   enp0s3  |   U   |
[   21.257932] cloud-init[706]: ci-info: |   4   |   ff00::/8  |    ::   |   enp0s3  |   U   |
[   21.260770] cloud-init[706]: ci-info: +-------+-------------+---------+-----------+-------+
[   22.862543] cloud-init[706]: Generating public/private rsa key pair.
[   22.865466] cloud-init[706]: Your identification has been saved in /etc/ssh/ssh_host_rsa_key.
[   22.869395] cloud-init[706]: Your public key has been saved in /etc/ssh/ssh_host_rsa_key.pub.
[   22.873414] cloud-init[706]: The key fingerprint is:
[   22.876045] cloud-init[706]: SHA256:30h2tiPrTNTJG/C/257AXPKW2Jo+bP6+1LCPiWLsvxk root@ubuntu-bionic
[   22.880092] cloud-init[706]: The key's randomart image is:
[   22.882809] cloud-init[706]: +---[RSA 2048]----+
[   22.885205] cloud-init[706]: |                 |
[   22.887634] cloud-init[706]: |                 |
[   22.890085] cloud-init[706]: |          .      |
[   22.892575] cloud-init[706]: |           = .   |
[   22.894783] cloud-init[706]: |        S + O... |
[   22.897266] cloud-init[706]: |         = =o=*oo|
[   22.899695] cloud-init[706]: |         .= E=o*.|
[   22.903069] cloud-init[706]: |         o+o O**.|
[   22.905599] cloud-init[706]: |         +=oO*OB=|
[   22.908092] cloud-init[706]: +----[SHA256]-----+
[   22.910568] cloud-init[706]: Generating public/private dsa key pair.
[   22.913396] cloud-init[706]: Your identification has been saved in /etc/ssh/ssh_host_dsa_key.
[   22.916911] cloud-init[706]: Your public key has been saved in /etc/ssh/ssh_host_dsa_key.pub.
[   22.920738] cloud-init[706]: The key fingerprint is:
[   22.923241] cloud-init[706]: SHA256:QQFWkv7rrkNvO4ThhG5HNAIY6d0uc0m8HzAifdVIASE root@ubuntu-bionic
[   22.926906] cloud-init[706]: The key's randomart image is:
[   22.929537] cloud-init[706]: +---[DSA 1024]----+
[   22.931885] cloud-init[706]: |.+.E oB*B.       |
[   22.934984] cloud-init[706]: |o   o.+= .       |
[   22.936756] cloud-init[706]: |. o o=...        |
[   22.938428] cloud-init[706]: | o +.B=  .       |
[   22.940296] cloud-init[706]: |  ..=+=+S        |
[   22.942651] cloud-init[706]: |   oo==.o        |
[   22.945109] cloud-init[706]: |   .+o.o..       |
[   22.948000] cloud-init[706]: |      ..=        |
[   22.950578] cloud-init[706]: |      .*+o       |
[   22.953126] cloud-init[706]: +----[SHA256]-----+
[   22.955284] cloud-init[706]: Generating public/private ecdsa key pair.
[   22.958367] cloud-init[706]: Your identification has been saved in /etc/ssh/ssh_host_ecdsa_key.
[   22.962904] cloud-init[706]: Your public key has been saved in /etc/ssh/ssh_host_ecdsa_key.pub.
[   22.968644] cloud-init[706]: The key fingerprint is:
[   22.980559] cloud-init[706]: SHA256:tCP+aAuZ/XZPGsA7UnhMa0VQRg//5v4Ub6qi1W/p5Vk root@ubuntu-bionic
[[0;32m  OK  [0m] Started Initial cloud-init job (metadata service crawler).
[   22.987964] [[0;32m  OK  [0m] Reached target System Initialization.
cloud-init[706]: The key's randomart image is:         Starting LXD - unix socket.
[[0;32m  OK  [0m] Listening on UUID daemon activation socket.
[[0;32m  OK  [0m] Started Daily Cleanup of Temporary Directories.
[[0;32m  OK  [0m] Started Message of the Day.
[[0;32m  OK  [0m] Started ACPI Events Check.
[[0;32m  OK  [0m] Listening on D-Bus System Message Bus Socket.
[[0;32m  OK  [0m] Reached target Paths.

         Starting Socket activation for snappy daemon.
[   23.015137] [cloud-init[0;32m  OK  [0m[706]: ] +---[ECDSA 256]---+Listening on ACPID Listen Socket.

[[0;32m  OK  [0m] Started Discard unused blocks once a week.
[   23.026763] cloud-init[706]: |        .+*      |
[[0;32m  OK  [0m] Started Daily apt download activities.
[   23.042893] cloud-init[706]: |         o +     |
[[0;32m  OK  [0m] Started Daily apt upgrade and clean activities.
[   23.069259] [[0;32m  OK  [0m] Reached target Timers.
[[0;32m  OK  [0m] Listening on Open-iSCSI iscsid Socket.
[[0;32m  OK  [0m] Reached target Cloud-config availability.
cloud-init[706]: |        o . o    |
[[0;32m  OK  [0m] Reached target Network is Online.
[   23.079150] cloud-init[706]: |       * +   .   |
[   23.092096] cloud-init[706]: |      o S     o. |         Starting Availability of block devices...
[[0;32m  OK  [0m] Reached target Remote File Systems (Pre).
[[0;32m  OK  [0m] Reached target Remote File Systems.
[[0;32m  OK  [0m] Listening on LXD - unix socket.
[[0;32m  OK  [0m] Listening on Socket activation for snappy daemon.
[[0;32m  OK  [0m] Started Availability of block devices.
[[0;32m  OK  [0m] Reached target Sockets.
[[0;32m  OK  [0m] Reached target Basic System.

[   23.116877] cloud-init[706]: |     = = + . o  o|
[[0;32m  OK  [0m] Started Deferred execution scheduler.
         Starting LSB: Record successful boot for GRUB...
[   23.123050] cloud-init[706]: |    + + o o o ..E|
         Starting LSB: automatic crash report generation...
[[   23.147541] cloud-init[706]: |     ..=.oo+ oo*o|
[   23.153136] cloud-init[706]: |     .oo+o.oo+=oo|
[0;32m  OK  [0m] Started D-Bus System Message Bus.
[   23.154213] cloud-init[706]: +----[SHA256]-----+
[   23.161048] cloud-init[706]: Generating public/private ed25519 key pair.
[   23.163630] cloud-init[706]: Your identification has been saved in /etc/ssh/ssh_host_ed25519_key.
[   23.166932] cloud-init[706]: Your public key has been saved in /etc/ssh/ssh_host_ed25519_key.pub.
[   23.169927] cloud-init[706]: The key fingerprint is:
[   23.171864] cloud-init[706]: SHA256:/3MCY1qsTXM7y6IoSOJhtoFJB0fj58r3w7AbrHeFMWI root@ubuntu-bionic
[   23.176435] cloud-init[706]: The key's randomart image is:
[   23.178219] cloud-init[706]: +--[ED25519 256]--+
[   23.179707] cloud-init[706]: |  .o             |
[   23.181499] cloud-init[706]: | ....            |
[   23.183227] cloud-init[706]: |  o. .           |
[   23.185971] cloud-init[706]: | . .oE o         |
[   23.189535] cloud-init[706]: |o.. ... S.       |
[   23.191314] cloud-init[706]: |+=o o. . oO .    |
[   23.193113] cloud-init[706]: |+o++ ++ .B.= .   |
[   23.198235] cloud-init[706]: | o. +oo=o oo= .  |
[   23.200831] cloud-init[706]: |   ..o+.o. .+*   |
[   23.204657] cloud-init[706]: +----[SHA256]-----+
[[0;32m  OK  [0m] Started irqbalance daemon.
         Starting Pollinate to seed the pseudo random number generator...
[[0;32m  OK  [0m] Started FUSE filesystem for LXC.
         Starting System Logging Service...
         Starting Snappy daemon...
         Starting Dispatcher daemon for systemd-networkd...
         Starting Permit User Sessions...
[[0;32m  OK  [0m] Started Regular background program processing daemon.
         Starting Virtualbox guest utils...
         Starting Accounts Service...
         Starting Login Service...
         Starting LXD - container startup/shutdown...
[[0;32m  OK  [0m] Started System Logging Service.
[[0;32m  OK  [0m] Started Permit User Sessions.
         Starting Terminate Plymouth Boot Screen...
         Starting Hold until boot process finishes up...
[[0;32m  OK  [0m] Started Hold until boot process finishes up.
[[0;32m  OK  [0m] Started Terminate Plymouth Boot Screen.
         Starting Set console scheme...
[[0;32m  OK  [0m] Started Serial Getty on ttyS0.
[[0;32m  OK  [0m] Started Set console scheme.
[[0;32m  OK  [0m] Created slice system-getty.slice.
[[0;32m  OK  [0m] Started Getty on tty1.
[[0;32m  OK  [0m] Reached target Login Prompts.
[[0;32m  OK  [0m] Started LSB: Record successful boot for GRUB.
[[0;32m  OK  [0m] Started LSB: automatic crash report generation.
         Starting Authorization Manager...
[[0;32m  OK  [0m] Started Login Service.
[[0;32m  OK  [0m] Started Unattended Upgrades Shutdown.
[[0;32m  OK  [0m] Started Authorization Manager.
[[0;32m  OK  [0m] Started Accounts Service.
[[0;32m  OK  [0m] Started Virtualbox guest utils.
[[0;32m  OK  [0m] Started LXD - container startup/shutdown.
[[0;32m  OK  [0m] Started Dispatcher daemon for systemd-networkd.
[[0;32m  OK  [0m] Started Snappy daemon.
         Starting Wait until snapd is fully seeded...
[[0;32m  OK  [0m] Started Pollinate to seed the pseudo random number generator.
         Starting OpenBSD Secure Shell server...
[[0;32m  OK  [0m] Started OpenBSD Secure Shell server.
[[0;32m  OK  [0m] Created slice User Slice of vagrant.
         Starting User Manager for UID 1000...
[[0;32m  OK  [0m] Started Session 1 of user vagrant.
[[0;32m  OK  [0m] Started User Manager for UID 1000.

Ubuntu 18.04.2 LTS ubuntu-bionic ttyS0

ubuntu-bionic login: [   34.123370] cloud-init[1274]: Cloud-init v. 19.1-1-gbaa47854-0ubuntu1~18.04.1 running 'modules:config' at Tue, 02 Jul 2019 12:12:34 +0000. Up 32.83 seconds.
ci-info: no authorized ssh keys fingerprints found for user ubuntu.
<14>Jul  2 12:12:38 ec2: 
<14>Jul  2 12:12:38 ec2: #############################################################
<14>Jul  2 12:12:38 ec2: -----BEGIN SSH HOST KEY FINGERPRINTS-----
<14>Jul  2 12:12:38 ec2: 1024 SHA256:QQFWkv7rrkNvO4ThhG5HNAIY6d0uc0m8HzAifdVIASE root@ubuntu-bionic (DSA)
<14>Jul  2 12:12:38 ec2: 256 SHA256:tCP+aAuZ/XZPGsA7UnhMa0VQRg//5v4Ub6qi1W/p5Vk root@ubuntu-bionic (ECDSA)
<14>Jul  2 12:12:38 ec2: 256 SHA256:/3MCY1qsTXM7y6IoSOJhtoFJB0fj58r3w7AbrHeFMWI root@ubuntu-bionic (ED25519)
<14>Jul  2 12:12:38 ec2: 2048 SHA256:30h2tiPrTNTJG/C/257AXPKW2Jo+bP6+1LCPiWLsvxk root@ubuntu-bionic (RSA)
<14>Jul  2 12:12:38 ec2: -----END SSH HOST KEY FINGERPRINTS-----
<14>Jul  2 12:12:38 ec2: #############################################################
-----BEGIN SSH HOST KEY KEYS-----
ecdsa-sha2-nistp256 AAAAE2VjZHNhLXNoYTItbmlzdHAyNTYAAAAIbmlzdHAyNTYAAABBBLZkPy5NdK2zXsgNSmTmuVFaQxbtUhyTX1VikGZQdZHtf8NokVCVMNdgv5qWbk8IGtl+L1Y7n4JjHskaAah5wfU= root@ubuntu-bionic
ssh-ed25519 AAAAC3NzaC1lZDI1NTE5AAAAIB4PFuwHSj62L/0C1DraKvDnzVRb8SVJVichMK15z8Et root@ubuntu-bionic
ssh-rsa AAAAB3NzaC1yc2EAAAADAQABAAABAQDMVRKu0RMhHTJX+hxb5GWRZNKUyv6WnxRijhVk2L0IMGHbAAFykEbAbXomR3RSdjsEF7AE7uCduS6yxD7GzlGYsL8A5wGuv4/mFobusV5vSjK8luYiG6KZME6FLYUIXPSnbbYtFdiuWJDJa5FewInk719AHnXOOTdrU6NqKbGbv4I2HJBiZJpznhgHhLPFXlYcYnhJaPPsxQUzG0DvyiZAZGFJ44FObqGYG6IRr3Duzkr/QVMT1xnUiXrVh17nv0mE5OQwE13B5RxLjMVaUFIaLnbN0V95sgKilG5aHkKZe6NNMYYxV8H6ngjkrxHjcZqwdejRSe2J7/lDZhVZPp1T root@ubuntu-bionic
-----END SSH HOST KEY KEYS-----
[   36.540924] cloud-init[1431]: Cloud-init v. 19.1-1-gbaa47854-0ubuntu1~18.04.1 running 'modules:final' at Tue, 02 Jul 2019 12:12:37 +0000. Up 35.88 seconds.
[   36.542301] cloud-init[1431]: ci-info: no authorized ssh keys fingerprints found for user ubuntu.
[   36.549146] cloud-init[1431]: Cloud-init v. 19.1-1-gbaa47854-0ubuntu1~18.04.1 finished at Tue, 02 Jul 2019 12:12:38 +0000. Datasource DataSourceNoCloud [seed=/dev/sdb][dsmode=net].  Up 36.48 seconds
